<?xml version="1.0" encoding="UTF-8"?>
<!-- Generated by org.testng.reporters.JUnitReportReporter -->
<testsuite hostname="VIRUS" failures="0" tests="3" name="myTestCasesSauceDemo.MainTestCases" time="4.381" errors="0" timestamp="2024-12-26T03:27:47 EET" skipped="0">
  <testcase classname="myTestCasesSauceDemo.MainTestCases" name="Login" time="0.231"/>
  <system-out/>
  <testcase classname="myTestCasesSauceDemo.MainTestCases" name="AddToCartItem" time="2.102"/>
  <system-out/>
  <testcase classname="myTestCasesSauceDemo.MainTestCases" name="RemoveItemFromThecart" time="2.048"/>
  <system-out/>
</testsuite> <!-- myTestCasesSauceDemo.MainTestCases -->
