<?xml version="1.0" encoding="UTF-8"?>
<!-- Generated by org.testng.reporters.JUnitReportReporter -->
<testsuite hostname="VIRUS" failures="0" tests="7" name="Standard_User.MainTestCases" time="0.633" errors="0" timestamp="2025-01-04T16:03:32 EET" skipped="4">
  <testcase classname="Standard_User.MainTestCases" name="Login" time="0.235"/>
  <system-out/>
  <testcase classname="Standard_User.MainTestCases" name="AddRandomItem" time="0.058"/>
  <system-out/>
  <testcase classname="Standard_User.MainTestCases" name="CheckoutProcess" time="0.340"/>
  <system-out/>
  <testcase classname="Standard_User.MainTestCases" name="AddItemsThatStartsWithSauce">
    <skipped/>
  </testcase> <!-- AddItemsThatStartsWithSauce -->
  <system-out/>
  <testcase classname="Standard_User.MainTestCases" name="RemoveItemFromThecart">
    <skipped/>
  </testcase> <!-- RemoveItemFromThecart -->
  <system-out/>
  <testcase classname="Standard_User.MainTestCases" name="AddCertainNumberOfItems">
    <skipped/>
  </testcase> <!-- AddCertainNumberOfItems -->
  <system-out/>
  <testcase classname="Standard_User.MainTestCases" name="AddAllItems">
    <skipped/>
  </testcase> <!-- AddAllItems -->
  <system-out/>
</testsuite> <!-- Standard_User.MainTestCases -->
