<?xml version="1.0" encoding="UTF-8"?>
<!-- Generated by org.testng.reporters.JUnitReportReporter -->
<testsuite hostname="VIRUS" failures="0" tests="3" name="problem_user.myTestCases" time="4.408" errors="0" timestamp="2024-12-26T03:44:15 EET" skipped="0">
  <testcase classname="problem_user.myTestCases" name="Login" time="0.231"/>
  <system-out/>
  <testcase classname="problem_user.myTestCases" name="AddToCartItem" time="2.104"/>
  <system-out/>
  <testcase classname="problem_user.myTestCases" name="RemoveItemFromThecart" time="2.073"/>
  <system-out/>
</testsuite> <!-- problem_user.myTestCases -->
